mode: set
enigma.com/projectmanagementhub/repository/project_repository.go:32.84,34.33 1 1
enigma.com/projectmanagementhub/repository/project_repository.go:34.33,37.17 2 1
enigma.com/projectmanagementhub/repository/project_repository.go:37.17,40.4 2 1
enigma.com/projectmanagementhub/repository/project_repository.go:44.2,44.12 1 1
enigma.com/projectmanagementhub/repository/project_repository.go:48.89,52.16 3 1
enigma.com/projectmanagementhub/repository/project_repository.go:52.16,55.3 2 1
enigma.com/projectmanagementhub/repository/project_repository.go:56.2,56.21 1 1
enigma.com/projectmanagementhub/repository/project_repository.go:60.53,62.16 2 1
enigma.com/projectmanagementhub/repository/project_repository.go:62.16,65.3 2 1
enigma.com/projectmanagementhub/repository/project_repository.go:67.2,67.12 1 1
enigma.com/projectmanagementhub/repository/project_repository.go:71.81,73.33 1 1
enigma.com/projectmanagementhub/repository/project_repository.go:73.33,75.17 2 1
enigma.com/projectmanagementhub/repository/project_repository.go:75.17,78.4 2 1
enigma.com/projectmanagementhub/repository/project_repository.go:81.2,81.12 1 1
enigma.com/projectmanagementhub/repository/project_repository.go:86.102,90.16 4 1
enigma.com/projectmanagementhub/repository/project_repository.go:90.16,93.3 2 1
enigma.com/projectmanagementhub/repository/project_repository.go:95.2,95.17 1 0
enigma.com/projectmanagementhub/repository/project_repository.go:95.17,99.17 3 0
enigma.com/projectmanagementhub/repository/project_repository.go:99.17,102.4 2 0
enigma.com/projectmanagementhub/repository/project_repository.go:104.3,104.39 1 0
enigma.com/projectmanagementhub/repository/project_repository.go:107.2,109.76 2 0
enigma.com/projectmanagementhub/repository/project_repository.go:109.76,111.3 1 0
enigma.com/projectmanagementhub/repository/project_repository.go:113.2,120.30 2 0
enigma.com/projectmanagementhub/repository/project_repository.go:124.82,128.16 3 1
enigma.com/projectmanagementhub/repository/project_repository.go:128.16,131.3 2 1
enigma.com/projectmanagementhub/repository/project_repository.go:133.2,133.17 1 0
enigma.com/projectmanagementhub/repository/project_repository.go:133.17,138.18 4 0
enigma.com/projectmanagementhub/repository/project_repository.go:138.18,141.4 2 0
enigma.com/projectmanagementhub/repository/project_repository.go:143.3,144.17 2 0
enigma.com/projectmanagementhub/repository/project_repository.go:144.17,147.4 2 0
enigma.com/projectmanagementhub/repository/project_repository.go:148.3,148.30 1 0
enigma.com/projectmanagementhub/repository/project_repository.go:152.2,152.19 1 0
enigma.com/projectmanagementhub/repository/project_repository.go:156.81,159.16 3 1
enigma.com/projectmanagementhub/repository/project_repository.go:159.16,162.3 2 1
enigma.com/projectmanagementhub/repository/project_repository.go:164.2,164.17 1 1
enigma.com/projectmanagementhub/repository/project_repository.go:164.17,168.17 3 1
enigma.com/projectmanagementhub/repository/project_repository.go:168.17,171.4 2 0
enigma.com/projectmanagementhub/repository/project_repository.go:173.3,173.39 1 1
enigma.com/projectmanagementhub/repository/project_repository.go:176.2,176.22 1 1
enigma.com/projectmanagementhub/repository/project_repository.go:180.71,184.16 3 1
enigma.com/projectmanagementhub/repository/project_repository.go:184.16,187.3 2 1
enigma.com/projectmanagementhub/repository/project_repository.go:188.2,189.16 2 0
enigma.com/projectmanagementhub/repository/project_repository.go:189.16,191.3 1 0
enigma.com/projectmanagementhub/repository/project_repository.go:193.2,196.16 3 0
enigma.com/projectmanagementhub/repository/project_repository.go:196.16,198.3 1 0
enigma.com/projectmanagementhub/repository/project_repository.go:200.2,200.17 1 0
enigma.com/projectmanagementhub/repository/project_repository.go:200.17,203.17 3 0
enigma.com/projectmanagementhub/repository/project_repository.go:203.17,205.4 1 0
enigma.com/projectmanagementhub/repository/project_repository.go:207.3,207.30 1 0
enigma.com/projectmanagementhub/repository/project_repository.go:210.2,212.21 2 0
enigma.com/projectmanagementhub/repository/project_repository.go:216.80,219.16 3 1
enigma.com/projectmanagementhub/repository/project_repository.go:219.16,222.3 2 1
enigma.com/projectmanagementhub/repository/project_repository.go:224.2,224.17 1 1
enigma.com/projectmanagementhub/repository/project_repository.go:224.17,228.17 3 1
enigma.com/projectmanagementhub/repository/project_repository.go:228.17,231.4 2 0
enigma.com/projectmanagementhub/repository/project_repository.go:233.3,233.39 1 1
enigma.com/projectmanagementhub/repository/project_repository.go:236.2,236.22 1 1
enigma.com/projectmanagementhub/repository/project_repository.go:240.79,243.16 3 0
enigma.com/projectmanagementhub/repository/project_repository.go:243.16,246.3 2 0
enigma.com/projectmanagementhub/repository/project_repository.go:248.2,248.17 1 0
enigma.com/projectmanagementhub/repository/project_repository.go:248.17,253.17 4 0
enigma.com/projectmanagementhub/repository/project_repository.go:253.17,256.4 2 0
enigma.com/projectmanagementhub/repository/project_repository.go:257.3,258.17 2 0
enigma.com/projectmanagementhub/repository/project_repository.go:258.17,261.4 2 0
enigma.com/projectmanagementhub/repository/project_repository.go:263.3,263.39 1 0
enigma.com/projectmanagementhub/repository/project_repository.go:266.2,266.22 1 0
enigma.com/projectmanagementhub/repository/project_repository.go:270.82,274.16 3 1
enigma.com/projectmanagementhub/repository/project_repository.go:274.16,277.3 2 1
enigma.com/projectmanagementhub/repository/project_repository.go:278.2,278.21 1 1
enigma.com/projectmanagementhub/repository/project_repository.go:281.57,285.2 1 1
enigma.com/projectmanagementhub/repository/report_repository.go:27.85,31.16 3 0
enigma.com/projectmanagementhub/repository/report_repository.go:31.16,34.3 2 0
enigma.com/projectmanagementhub/repository/report_repository.go:37.2,39.16 3 0
enigma.com/projectmanagementhub/repository/report_repository.go:39.16,41.3 1 0
enigma.com/projectmanagementhub/repository/report_repository.go:42.2,42.20 1 0
enigma.com/projectmanagementhub/repository/report_repository.go:47.62,50.16 2 0
enigma.com/projectmanagementhub/repository/report_repository.go:50.16,53.3 2 0
enigma.com/projectmanagementhub/repository/report_repository.go:55.2,55.12 1 0
enigma.com/projectmanagementhub/repository/report_repository.go:59.85,63.16 3 0
enigma.com/projectmanagementhub/repository/report_repository.go:63.16,66.3 2 0
enigma.com/projectmanagementhub/repository/report_repository.go:68.2,68.18 1 0
enigma.com/projectmanagementhub/repository/report_repository.go:68.18,72.17 3 0
enigma.com/projectmanagementhub/repository/report_repository.go:72.17,75.4 2 0
enigma.com/projectmanagementhub/repository/report_repository.go:77.3,77.36 1 0
enigma.com/projectmanagementhub/repository/report_repository.go:80.2,80.21 1 0
enigma.com/projectmanagementhub/repository/report_repository.go:84.85,88.16 3 0
enigma.com/projectmanagementhub/repository/report_repository.go:88.16,91.3 2 0
enigma.com/projectmanagementhub/repository/report_repository.go:93.2,93.18 1 0
enigma.com/projectmanagementhub/repository/report_repository.go:93.18,98.17 4 0
enigma.com/projectmanagementhub/repository/report_repository.go:98.17,101.4 2 0
enigma.com/projectmanagementhub/repository/report_repository.go:103.3,103.36 1 0
enigma.com/projectmanagementhub/repository/report_repository.go:105.2,107.21 2 0
enigma.com/projectmanagementhub/repository/report_repository.go:111.85,114.16 3 0
enigma.com/projectmanagementhub/repository/report_repository.go:114.16,117.3 2 0
enigma.com/projectmanagementhub/repository/report_repository.go:120.2,122.16 3 0
enigma.com/projectmanagementhub/repository/report_repository.go:122.16,124.3 1 0
enigma.com/projectmanagementhub/repository/report_repository.go:125.2,125.20 1 0
enigma.com/projectmanagementhub/repository/report_repository.go:128.55,133.2 1 0
enigma.com/projectmanagementhub/repository/task_repository.go:46.86,50.16 3 1
enigma.com/projectmanagementhub/repository/task_repository.go:50.16,53.3 2 0
enigma.com/projectmanagementhub/repository/task_repository.go:55.2,55.18 1 1
enigma.com/projectmanagementhub/repository/task_repository.go:60.85,65.16 3 1
enigma.com/projectmanagementhub/repository/task_repository.go:65.16,68.3 2 0
enigma.com/projectmanagementhub/repository/task_repository.go:70.2,70.18 1 1
enigma.com/projectmanagementhub/repository/task_repository.go:74.77,79.16 3 1
enigma.com/projectmanagementhub/repository/task_repository.go:79.16,82.3 2 0
enigma.com/projectmanagementhub/repository/task_repository.go:83.2,87.18 4 1
enigma.com/projectmanagementhub/repository/task_repository.go:91.50,94.16 2 1
enigma.com/projectmanagementhub/repository/task_repository.go:94.16,97.3 2 1
enigma.com/projectmanagementhub/repository/task_repository.go:98.2,98.12 1 1
enigma.com/projectmanagementhub/repository/task_repository.go:102.96,107.16 4 1
enigma.com/projectmanagementhub/repository/task_repository.go:107.16,110.3 2 1
enigma.com/projectmanagementhub/repository/task_repository.go:112.2,112.17 1 1
enigma.com/projectmanagementhub/repository/task_repository.go:112.17,116.17 3 1
enigma.com/projectmanagementhub/repository/task_repository.go:116.17,119.4 2 0
enigma.com/projectmanagementhub/repository/task_repository.go:121.3,121.30 1 1
enigma.com/projectmanagementhub/repository/task_repository.go:124.2,126.76 2 1
enigma.com/projectmanagementhub/repository/task_repository.go:126.76,128.3 1 1
enigma.com/projectmanagementhub/repository/task_repository.go:130.2,137.27 2 1
enigma.com/projectmanagementhub/repository/task_repository.go:141.65,145.16 3 1
enigma.com/projectmanagementhub/repository/task_repository.go:145.16,148.3 2 1
enigma.com/projectmanagementhub/repository/task_repository.go:150.2,150.18 1 1
enigma.com/projectmanagementhub/repository/task_repository.go:154.79,159.16 3 1
enigma.com/projectmanagementhub/repository/task_repository.go:159.16,162.3 2 0
enigma.com/projectmanagementhub/repository/task_repository.go:163.2,163.17 1 1
enigma.com/projectmanagementhub/repository/task_repository.go:163.17,166.17 3 1
enigma.com/projectmanagementhub/repository/task_repository.go:166.17,169.4 2 0
enigma.com/projectmanagementhub/repository/task_repository.go:171.3,171.30 1 1
enigma.com/projectmanagementhub/repository/task_repository.go:173.2,173.19 1 1
enigma.com/projectmanagementhub/repository/task_repository.go:177.74,182.16 3 1
enigma.com/projectmanagementhub/repository/task_repository.go:182.16,185.3 2 0
enigma.com/projectmanagementhub/repository/task_repository.go:187.2,187.17 1 1
enigma.com/projectmanagementhub/repository/task_repository.go:187.17,190.17 3 1
enigma.com/projectmanagementhub/repository/task_repository.go:190.17,193.4 2 0
enigma.com/projectmanagementhub/repository/task_repository.go:195.3,195.30 1 1
enigma.com/projectmanagementhub/repository/task_repository.go:198.2,198.19 1 1
enigma.com/projectmanagementhub/repository/task_repository.go:201.51,205.2 1 1
enigma.com/projectmanagementhub/repository/user_repository.go:27.50,30.16 2 1
enigma.com/projectmanagementhub/repository/user_repository.go:30.16,33.3 2 1
enigma.com/projectmanagementhub/repository/user_repository.go:35.2,35.12 1 1
enigma.com/projectmanagementhub/repository/user_repository.go:39.96,43.16 4 1
enigma.com/projectmanagementhub/repository/user_repository.go:43.16,46.3 2 1
enigma.com/projectmanagementhub/repository/user_repository.go:48.2,48.17 1 1
enigma.com/projectmanagementhub/repository/user_repository.go:48.17,52.17 3 1
enigma.com/projectmanagementhub/repository/user_repository.go:52.17,55.4 2 0
enigma.com/projectmanagementhub/repository/user_repository.go:57.3,57.30 1 1
enigma.com/projectmanagementhub/repository/user_repository.go:60.2,62.76 2 1
enigma.com/projectmanagementhub/repository/user_repository.go:62.76,64.3 1 0
enigma.com/projectmanagementhub/repository/user_repository.go:66.2,73.27 2 1
enigma.com/projectmanagementhub/repository/user_repository.go:77.71,81.16 3 1
enigma.com/projectmanagementhub/repository/user_repository.go:81.16,84.3 2 1
enigma.com/projectmanagementhub/repository/user_repository.go:86.2,86.18 1 1
enigma.com/projectmanagementhub/repository/user_repository.go:90.65,94.16 3 1
enigma.com/projectmanagementhub/repository/user_repository.go:94.16,97.3 2 1
enigma.com/projectmanagementhub/repository/user_repository.go:100.2,100.28 1 1
enigma.com/projectmanagementhub/repository/user_repository.go:100.28,103.17 3 0
enigma.com/projectmanagementhub/repository/user_repository.go:103.17,105.4 1 0
enigma.com/projectmanagementhub/repository/user_repository.go:107.3,107.18 1 0
enigma.com/projectmanagementhub/repository/user_repository.go:107.18,111.18 3 0
enigma.com/projectmanagementhub/repository/user_repository.go:111.18,113.5 1 0
enigma.com/projectmanagementhub/repository/user_repository.go:115.4,115.40 1 0
enigma.com/projectmanagementhub/repository/user_repository.go:118.3,118.26 1 0
enigma.com/projectmanagementhub/repository/user_repository.go:119.8,119.39 1 1
enigma.com/projectmanagementhub/repository/user_repository.go:119.39,123.17 3 0
enigma.com/projectmanagementhub/repository/user_repository.go:123.17,125.4 1 0
enigma.com/projectmanagementhub/repository/user_repository.go:126.3,126.18 1 0
enigma.com/projectmanagementhub/repository/user_repository.go:126.18,129.18 3 0
enigma.com/projectmanagementhub/repository/user_repository.go:129.18,131.5 1 0
enigma.com/projectmanagementhub/repository/user_repository.go:132.4,132.31 1 0
enigma.com/projectmanagementhub/repository/user_repository.go:134.3,138.17 4 0
enigma.com/projectmanagementhub/repository/user_repository.go:138.17,140.4 1 0
enigma.com/projectmanagementhub/repository/user_repository.go:142.3,142.18 1 0
enigma.com/projectmanagementhub/repository/user_repository.go:142.18,146.18 3 0
enigma.com/projectmanagementhub/repository/user_repository.go:146.18,148.5 1 0
enigma.com/projectmanagementhub/repository/user_repository.go:150.4,150.40 1 0
enigma.com/projectmanagementhub/repository/user_repository.go:153.3,153.26 1 0
enigma.com/projectmanagementhub/repository/user_repository.go:156.2,156.18 1 1
enigma.com/projectmanagementhub/repository/user_repository.go:160.77,164.16 3 1
enigma.com/projectmanagementhub/repository/user_repository.go:164.16,167.3 2 1
enigma.com/projectmanagementhub/repository/user_repository.go:168.2,168.18 1 1
enigma.com/projectmanagementhub/repository/user_repository.go:172.73,175.16 3 0
enigma.com/projectmanagementhub/repository/user_repository.go:175.16,178.3 2 0
enigma.com/projectmanagementhub/repository/user_repository.go:179.2,179.18 1 0
enigma.com/projectmanagementhub/repository/user_repository.go:182.51,186.2 1 1
