mode: set
enigma.com/projectmanagementhub/usecase/auth_usecase.go:20.86,22.16 2 0
enigma.com/projectmanagementhub/usecase/auth_usecase.go:22.16,24.3 1 0
enigma.com/projectmanagementhub/usecase/auth_usecase.go:26.2,26.39 1 0
enigma.com/projectmanagementhub/usecase/auth_usecase.go:26.39,28.3 1 0
enigma.com/projectmanagementhub/usecase/auth_usecase.go:30.2,31.16 2 0
enigma.com/projectmanagementhub/usecase/auth_usecase.go:31.16,33.3 1 0
enigma.com/projectmanagementhub/usecase/auth_usecase.go:35.2,35.22 1 0
enigma.com/projectmanagementhub/usecase/auth_usecase.go:38.84,43.2 1 0
enigma.com/projectmanagementhub/usecase/project_usecase.go:30.117,35.2 1 0
enigma.com/projectmanagementhub/usecase/project_usecase.go:37.100,40.16 2 0
enigma.com/projectmanagementhub/usecase/project_usecase.go:40.16,43.3 2 0
enigma.com/projectmanagementhub/usecase/project_usecase.go:45.2,45.30 1 0
enigma.com/projectmanagementhub/usecase/project_usecase.go:48.76,51.16 2 0
enigma.com/projectmanagementhub/usecase/project_usecase.go:51.16,54.3 2 0
enigma.com/projectmanagementhub/usecase/project_usecase.go:56.2,56.21 1 0
enigma.com/projectmanagementhub/usecase/project_usecase.go:59.87,62.16 2 0
enigma.com/projectmanagementhub/usecase/project_usecase.go:62.16,65.3 2 0
enigma.com/projectmanagementhub/usecase/project_usecase.go:67.2,67.24 1 0
enigma.com/projectmanagementhub/usecase/project_usecase.go:67.24,70.3 2 0
enigma.com/projectmanagementhub/usecase/project_usecase.go:72.2,72.22 1 0
enigma.com/projectmanagementhub/usecase/project_usecase.go:75.86,77.16 2 0
enigma.com/projectmanagementhub/usecase/project_usecase.go:77.16,80.3 2 0
enigma.com/projectmanagementhub/usecase/project_usecase.go:81.2,81.35 1 0
enigma.com/projectmanagementhub/usecase/project_usecase.go:81.35,84.3 2 0
enigma.com/projectmanagementhub/usecase/project_usecase.go:85.2,86.16 2 0
enigma.com/projectmanagementhub/usecase/project_usecase.go:86.16,89.3 2 0
enigma.com/projectmanagementhub/usecase/project_usecase.go:91.2,91.24 1 0
enigma.com/projectmanagementhub/usecase/project_usecase.go:91.24,94.3 2 0
enigma.com/projectmanagementhub/usecase/project_usecase.go:96.2,96.22 1 0
enigma.com/projectmanagementhub/usecase/project_usecase.go:100.85,103.16 2 0
enigma.com/projectmanagementhub/usecase/project_usecase.go:103.16,107.3 2 0
enigma.com/projectmanagementhub/usecase/project_usecase.go:109.2,110.16 2 0
enigma.com/projectmanagementhub/usecase/project_usecase.go:110.16,115.3 2 0
enigma.com/projectmanagementhub/usecase/project_usecase.go:117.2,117.22 1 0
enigma.com/projectmanagementhub/usecase/project_usecase.go:121.90,123.77 1 0
enigma.com/projectmanagementhub/usecase/project_usecase.go:123.77,127.3 2 0
enigma.com/projectmanagementhub/usecase/project_usecase.go:129.2,130.16 2 0
enigma.com/projectmanagementhub/usecase/project_usecase.go:130.16,134.3 2 0
enigma.com/projectmanagementhub/usecase/project_usecase.go:136.2,136.28 1 0
enigma.com/projectmanagementhub/usecase/project_usecase.go:140.79,142.16 2 0
enigma.com/projectmanagementhub/usecase/project_usecase.go:142.16,145.3 2 0
enigma.com/projectmanagementhub/usecase/project_usecase.go:146.2,146.43 1 0
enigma.com/projectmanagementhub/usecase/project_usecase.go:146.43,147.34 1 0
enigma.com/projectmanagementhub/usecase/project_usecase.go:147.34,148.32 1 0
enigma.com/projectmanagementhub/usecase/project_usecase.go:148.32,151.5 2 0
enigma.com/projectmanagementhub/usecase/project_usecase.go:154.2,155.16 2 0
enigma.com/projectmanagementhub/usecase/project_usecase.go:155.16,159.3 2 0
enigma.com/projectmanagementhub/usecase/project_usecase.go:161.2,161.12 1 0
enigma.com/projectmanagementhub/usecase/project_usecase.go:165.82,167.33 1 0
enigma.com/projectmanagementhub/usecase/project_usecase.go:167.33,169.17 2 0
enigma.com/projectmanagementhub/usecase/project_usecase.go:169.17,172.4 2 0
enigma.com/projectmanagementhub/usecase/project_usecase.go:173.3,173.31 1 0
enigma.com/projectmanagementhub/usecase/project_usecase.go:173.31,174.28 1 0
enigma.com/projectmanagementhub/usecase/project_usecase.go:174.28,177.5 2 0
enigma.com/projectmanagementhub/usecase/project_usecase.go:180.2,181.16 2 0
enigma.com/projectmanagementhub/usecase/project_usecase.go:181.16,185.3 2 0
enigma.com/projectmanagementhub/usecase/project_usecase.go:187.2,187.12 1 0
enigma.com/projectmanagementhub/usecase/project_usecase.go:190.80,193.16 2 0
enigma.com/projectmanagementhub/usecase/project_usecase.go:193.16,196.3 2 0
enigma.com/projectmanagementhub/usecase/project_usecase.go:198.2,199.16 2 0
enigma.com/projectmanagementhub/usecase/project_usecase.go:199.16,203.3 2 0
enigma.com/projectmanagementhub/usecase/project_usecase.go:204.2,204.19 1 0
enigma.com/projectmanagementhub/usecase/project_usecase.go:207.51,210.16 2 0
enigma.com/projectmanagementhub/usecase/project_usecase.go:210.16,214.3 2 0
enigma.com/projectmanagementhub/usecase/project_usecase.go:216.2,216.12 1 0
enigma.com/projectmanagementhub/usecase/project_usecase.go:219.80,222.16 2 0
enigma.com/projectmanagementhub/usecase/project_usecase.go:222.16,226.3 2 0
enigma.com/projectmanagementhub/usecase/project_usecase.go:227.2,228.16 2 0
enigma.com/projectmanagementhub/usecase/project_usecase.go:228.16,232.3 2 0
enigma.com/projectmanagementhub/usecase/project_usecase.go:233.2,233.31 1 0
enigma.com/projectmanagementhub/usecase/project_usecase.go:233.31,237.3 2 0
enigma.com/projectmanagementhub/usecase/project_usecase.go:239.2,239.50 1 0
enigma.com/projectmanagementhub/usecase/project_usecase.go:239.50,243.3 2 0
enigma.com/projectmanagementhub/usecase/project_usecase.go:245.2,246.16 2 0
enigma.com/projectmanagementhub/usecase/project_usecase.go:246.16,250.3 2 0
enigma.com/projectmanagementhub/usecase/project_usecase.go:252.2,252.28 1 0
enigma.com/projectmanagementhub/usecase/report_usecase.go:25.82,26.18 1 0
enigma.com/projectmanagementhub/usecase/report_usecase.go:26.18,28.3 1 0
enigma.com/projectmanagementhub/usecase/report_usecase.go:30.2,30.31 1 0
enigma.com/projectmanagementhub/usecase/report_usecase.go:30.31,32.3 1 0
enigma.com/projectmanagementhub/usecase/report_usecase.go:34.2,35.16 2 0
enigma.com/projectmanagementhub/usecase/report_usecase.go:35.16,37.3 1 0
enigma.com/projectmanagementhub/usecase/report_usecase.go:38.2,38.21 1 0
enigma.com/projectmanagementhub/usecase/report_usecase.go:42.82,45.16 2 0
enigma.com/projectmanagementhub/usecase/report_usecase.go:45.16,47.3 1 0
enigma.com/projectmanagementhub/usecase/report_usecase.go:49.2,49.76 1 0
enigma.com/projectmanagementhub/usecase/report_usecase.go:49.76,51.3 1 0
enigma.com/projectmanagementhub/usecase/report_usecase.go:53.2,54.16 2 0
enigma.com/projectmanagementhub/usecase/report_usecase.go:54.16,56.3 1 0
enigma.com/projectmanagementhub/usecase/report_usecase.go:58.2,58.20 1 0
enigma.com/projectmanagementhub/usecase/report_usecase.go:62.59,63.14 1 0
enigma.com/projectmanagementhub/usecase/report_usecase.go:63.14,65.3 1 0
enigma.com/projectmanagementhub/usecase/report_usecase.go:66.2,66.48 1 0
enigma.com/projectmanagementhub/usecase/report_usecase.go:70.82,72.16 2 0
enigma.com/projectmanagementhub/usecase/report_usecase.go:72.16,74.3 1 0
enigma.com/projectmanagementhub/usecase/report_usecase.go:76.2,76.31 1 0
enigma.com/projectmanagementhub/usecase/report_usecase.go:76.31,78.3 1 0
enigma.com/projectmanagementhub/usecase/report_usecase.go:80.2,81.16 2 0
enigma.com/projectmanagementhub/usecase/report_usecase.go:81.16,83.3 1 0
enigma.com/projectmanagementhub/usecase/report_usecase.go:84.2,84.21 1 0
enigma.com/projectmanagementhub/usecase/report_usecase.go:88.82,90.16 2 0
enigma.com/projectmanagementhub/usecase/report_usecase.go:90.16,92.3 1 0
enigma.com/projectmanagementhub/usecase/report_usecase.go:94.2,94.96 1 0
enigma.com/projectmanagementhub/usecase/report_usecase.go:94.96,96.3 1 0
enigma.com/projectmanagementhub/usecase/report_usecase.go:98.2,99.16 2 0
enigma.com/projectmanagementhub/usecase/report_usecase.go:99.16,101.3 1 0
enigma.com/projectmanagementhub/usecase/report_usecase.go:102.2,102.21 1 0
enigma.com/projectmanagementhub/usecase/report_usecase.go:105.119,110.2 1 0
enigma.com/projectmanagementhub/usecase/task_usecase.go:28.74,30.76 1 0
enigma.com/projectmanagementhub/usecase/task_usecase.go:30.76,32.3 1 0
enigma.com/projectmanagementhub/usecase/task_usecase.go:33.2,33.74 1 0
enigma.com/projectmanagementhub/usecase/task_usecase.go:33.74,35.3 1 0
enigma.com/projectmanagementhub/usecase/task_usecase.go:36.2,36.50 1 0
enigma.com/projectmanagementhub/usecase/task_usecase.go:36.50,38.3 1 0
enigma.com/projectmanagementhub/usecase/task_usecase.go:39.2,39.45 1 0
enigma.com/projectmanagementhub/usecase/task_usecase.go:44.47,45.56 1 0
enigma.com/projectmanagementhub/usecase/task_usecase.go:45.56,47.3 1 0
enigma.com/projectmanagementhub/usecase/task_usecase.go:48.2,48.36 1 0
enigma.com/projectmanagementhub/usecase/task_usecase.go:52.93,55.2 1 0
enigma.com/projectmanagementhub/usecase/task_usecase.go:58.62,60.2 1 0
enigma.com/projectmanagementhub/usecase/task_usecase.go:63.76,65.16 2 0
enigma.com/projectmanagementhub/usecase/task_usecase.go:65.16,67.3 1 0
enigma.com/projectmanagementhub/usecase/task_usecase.go:68.2,68.21 1 0
enigma.com/projectmanagementhub/usecase/task_usecase.go:68.21,70.3 1 0
enigma.com/projectmanagementhub/usecase/task_usecase.go:72.2,72.49 1 0
enigma.com/projectmanagementhub/usecase/task_usecase.go:76.71,78.16 2 0
enigma.com/projectmanagementhub/usecase/task_usecase.go:78.16,80.3 1 0
enigma.com/projectmanagementhub/usecase/task_usecase.go:81.2,81.26 1 0
enigma.com/projectmanagementhub/usecase/task_usecase.go:81.26,83.3 1 0
enigma.com/projectmanagementhub/usecase/task_usecase.go:84.2,84.44 1 0
enigma.com/projectmanagementhub/usecase/task_usecase.go:88.89,90.203 1 0
enigma.com/projectmanagementhub/usecase/task_usecase.go:90.203,92.3 1 0
enigma.com/projectmanagementhub/usecase/task_usecase.go:94.2,95.16 2 0
enigma.com/projectmanagementhub/usecase/task_usecase.go:95.16,97.3 1 0
enigma.com/projectmanagementhub/usecase/task_usecase.go:99.2,99.28 1 0
enigma.com/projectmanagementhub/usecase/task_usecase.go:99.28,100.77 1 0
enigma.com/projectmanagementhub/usecase/task_usecase.go:100.77,102.4 1 0
enigma.com/projectmanagementhub/usecase/task_usecase.go:104.3,105.17 2 0
enigma.com/projectmanagementhub/usecase/task_usecase.go:105.17,107.4 1 0
enigma.com/projectmanagementhub/usecase/task_usecase.go:109.3,109.55 1 0
enigma.com/projectmanagementhub/usecase/task_usecase.go:110.8,112.37 2 0
enigma.com/projectmanagementhub/usecase/task_usecase.go:112.37,114.4 1 0
enigma.com/projectmanagementhub/usecase/task_usecase.go:116.3,116.54 1 0
enigma.com/projectmanagementhub/usecase/task_usecase.go:122.165,128.2 1 0
enigma.com/projectmanagementhub/usecase/user_usecase.go:25.98,27.16 2 1
enigma.com/projectmanagementhub/usecase/user_usecase.go:27.16,31.3 2 1
enigma.com/projectmanagementhub/usecase/user_usecase.go:33.2,34.27 2 1
enigma.com/projectmanagementhub/usecase/user_usecase.go:38.67,40.16 2 1
enigma.com/projectmanagementhub/usecase/user_usecase.go:40.16,42.3 1 1
enigma.com/projectmanagementhub/usecase/user_usecase.go:43.2,43.18 1 1
enigma.com/projectmanagementhub/usecase/user_usecase.go:46.73,49.16 2 1
enigma.com/projectmanagementhub/usecase/user_usecase.go:49.16,51.3 1 1
enigma.com/projectmanagementhub/usecase/user_usecase.go:52.2,52.18 1 1
enigma.com/projectmanagementhub/usecase/user_usecase.go:55.74,57.73 1 0
enigma.com/projectmanagementhub/usecase/user_usecase.go:57.73,60.3 1 0
enigma.com/projectmanagementhub/usecase/user_usecase.go:61.2,61.91 1 0
enigma.com/projectmanagementhub/usecase/user_usecase.go:61.91,64.3 1 0
enigma.com/projectmanagementhub/usecase/user_usecase.go:66.2,67.16 2 0
enigma.com/projectmanagementhub/usecase/user_usecase.go:67.16,69.3 1 0
enigma.com/projectmanagementhub/usecase/user_usecase.go:71.2,72.16 2 0
enigma.com/projectmanagementhub/usecase/user_usecase.go:72.16,74.3 1 0
enigma.com/projectmanagementhub/usecase/user_usecase.go:77.2,78.16 2 0
enigma.com/projectmanagementhub/usecase/user_usecase.go:78.16,82.3 2 0
enigma.com/projectmanagementhub/usecase/user_usecase.go:85.2,86.18 2 0
enigma.com/projectmanagementhub/usecase/user_usecase.go:89.74,91.73 1 0
enigma.com/projectmanagementhub/usecase/user_usecase.go:91.73,94.3 1 0
enigma.com/projectmanagementhub/usecase/user_usecase.go:95.2,95.91 1 0
enigma.com/projectmanagementhub/usecase/user_usecase.go:95.91,98.3 1 0
enigma.com/projectmanagementhub/usecase/user_usecase.go:100.2,101.49 2 0
enigma.com/projectmanagementhub/usecase/user_usecase.go:101.49,103.3 1 0
enigma.com/projectmanagementhub/usecase/user_usecase.go:106.2,107.16 2 0
enigma.com/projectmanagementhub/usecase/user_usecase.go:107.16,111.3 2 0
enigma.com/projectmanagementhub/usecase/user_usecase.go:114.2,115.18 2 0
enigma.com/projectmanagementhub/usecase/user_usecase.go:118.51,120.56 1 1
enigma.com/projectmanagementhub/usecase/user_usecase.go:120.56,122.3 1 1
enigma.com/projectmanagementhub/usecase/user_usecase.go:124.2,125.16 2 1
enigma.com/projectmanagementhub/usecase/user_usecase.go:125.16,129.3 2 0
enigma.com/projectmanagementhub/usecase/user_usecase.go:132.2,133.12 2 1
enigma.com/projectmanagementhub/usecase/user_usecase.go:136.75,140.2 1 1
